{"message":"Unauthorized request to path: /","level":"error"}
{"message":"Unauthorized request to path: /","level":"error"}
{"message":"title, url or rating missing in post request","level":"error"}
{"message":"bookmark created with id 3c76960b-fba6-429f-ba41-435db81e2aaa","level":"info"}
{"message":"bookmark created with id b93366ae-6479-43ae-bbe7-777a6245fb48","level":"info"}
{"message":"bookmark created with id 6c63ead7-fb1f-4052-83fa-144ddfc7af48","level":"info"}
{"message":"no item to delete","level":"error"}
{"message":"no item to delete","level":"error"}
{"message":"no item to delete","level":"error"}
{"message":"no item to delete","level":"error"}
{"message":"bookmark created with id ba5b1975-d560-46aa-8827-5110f1e9ff1a","level":"info"}
{"message":"bookmark created with id 0d5ef80e-929a-4a6b-beb0-96f52409a7b2","level":"info"}
{"message":"bookmark created with id 0fb90da5-ee39-43b2-b816-434a4893652f","level":"info"}
{"message":"bookmark created with id 30667869-59a2-445f-9d32-cedf14373ba9","level":"info"}
{"message":"bookmark created with id 66b0deff-eaef-4049-8cb3-b3ea7c5b5a62","level":"info"}
{"message":"Unauthorized request to path: /bookmarks/","level":"error"}
{"message":"Unauthorized request to path: /bookmarks/","level":"error"}
{"message":"Unauthorized request to path: /bookmarks/","level":"error"}
{"message":"Unauthorized request to path: /","level":"error"}
{"message":"Unauthorized request to path: /","level":"error"}
{"message":"Unauthorized request to path: /","level":"error"}
{"message":"Unauthorized request to path: /bookmarks","level":"error"}
{"message":"Unauthorized request to path: /bookmarks","level":"error"}
{"message":"Unauthorized request to path: /bookmarks","level":"error"}
{"message":"Unauthorized request to path: /bookmarks","level":"error"}
{"message":"Unauthorized request to path: /bookmarks","level":"error"}
{"message":"Unauthorized request to path: /bookmarks","level":"error"}
{"message":"Unauthorized request to path: /bookmarks","level":"error"}
{"message":"Unauthorized request to path: /bookmarks","level":"error"}
{"message":"Unauthorized request to path: /bookmarks","level":"error"}
{"message":"Unauthorized request to path: /bookmarks","level":"error"}
{"message":"Unauthorized request to path: /bookmarks","level":"error"}
{"message":"Unauthorized request to path: /bookmarks","level":"error"}
{"message":"title, url or rating missing in post request","level":"error"}
{"message":"bookmark created with id e0918f13-2c26-4e52-80e1-02d133e7ba16","level":"info"}
{"message":"bookmark created with id 5a1dc732-ea1d-444f-b615-becdb7b2ce4a","level":"info"}
{"message":"bookmark created with id 766ac82b-d6d3-4ef3-8088-3a2750c0ffbf","level":"info"}
{"message":"bookmark created with id ff26b2a5-ad6c-477e-8da9-db80e76d3d4b","level":"info"}
{"message":"bookmark created with id abf99f9b-9940-4102-9b7a-95503afdaa53","level":"info"}
{"message":"bookmark created with id 517285f7-6d4b-4149-ab6f-3e2d67ed2c70","level":"info"}
{"message":"bookmark created with id cd173fcb-bdff-420a-a3d1-091ccaefb49f","level":"info"}
{"message":"bookmark created with id fe773943-1692-4bfb-b001-1e6af09fd139","level":"info"}
{"message":"bookmark created with id f4b72afc-6411-47f9-b497-08efc73f2076","level":"info"}
{"message":"bookmark created with id 1","level":"info"}
{"message":"bookmark created with id 1","level":"info"}
{"message":"bookmark created with id 1","level":"info"}
{"message":"bookmark created with id 1","level":"info"}
{"message":"bookmark created with id 1","level":"info"}
{"message":"bookmark created with id 1","level":"info"}
{"message":"bookmark created with id 1","level":"info"}
{"message":"bookmark created with id 1","level":"info"}
{"message":"bookmark created with id 2","level":"info"}
{"message":"bookmark created with id 1","level":"info"}
{"message":"bookmark created with id 1","level":"info"}
{"message":"bookmark created with id 1","level":"info"}
{"message":"bookmark created with id 1","level":"info"}
{"message":"bookmark created with id 1","level":"info"}
{"message":"bookmark created with id 1","level":"info"}
{"message":"bookmark created with id 1","level":"info"}
{"message":"bookmark created with id 1","level":"info"}
{"message":"bookmark created with id 1","level":"info"}
{"message":"bookmark created with id 1","level":"info"}
{"message":"bookmark created with id 1","level":"info"}
{"message":"bookmark created with id 1","level":"info"}
{"message":"bookmark created with id 1","level":"info"}
{"message":"bookmark created with id 1","level":"info"}
{"message":"bookmark created with id 1","level":"info"}
{"message":"bookmark created with id 1","level":"info"}
{"message":"bookmark created with id 1","level":"info"}
{"message":"bookmark created with id 1","level":"info"}
{"message":"bookmark created with id 1","level":"info"}
{"message":"bookmark created with id 1","level":"info"}
{"message":"bookmark created with id 3","level":"info"}
{"message":"bookmark created with id 1","level":"info"}
{"message":"bookmark created with id 1","level":"info"}
{"message":"bookmark created with id 1","level":"info"}
{"message":"bookmark created with id 1","level":"info"}
{"message":"bookmark created with id 1","level":"info"}
{"message":"bookmark created with id undefined","level":"info"}
{"message":"bookmark created with id undefined","level":"info"}
{"message":"bookmark created with id 1","level":"info"}
{"message":"bookmark created with id 1","level":"info"}
{"message":"bookmark created with id 1","level":"info"}
{"message":"bookmark created with id 1","level":"info"}
{"message":"bookmark created with id 1","level":"info"}
{"message":"bookmark created with id 1","level":"info"}
{"message":"bookmark created with id 1","level":"info"}
{"message":"bookmark created with id 1","level":"info"}
{"message":"bookmark created with id 1","level":"info"}
{"message":"bookmark created with id 1","level":"info"}
{"message":"bookmark created with id 1","level":"info"}
{"message":"bookmark created with id 1","level":"info"}
{"message":"bookmark created with id 1","level":"info"}
{"message":"bookmark created with id 1","level":"info"}
{"message":"bookmark created with id 1","level":"info"}
{"message":"bookmark created with id 1","level":"info"}
{"message":"bookmark created with id 1","level":"info"}
{"message":"bookmark created with id 1","level":"info"}
{"message":"bookmark created with id 1","level":"info"}
{"message":"bookmark created with id 1","level":"info"}
{"message":"bookmark created with id 1","level":"info"}
{"message":"Unauthorized request to path: /","level":"error"}
{"message":"Unauthorized request to path: /api/bookmarks/26","level":"error"}
{"message":"Unauthorized request to path: /api/bookmarks/2","level":"error"}
{"message":"Unauthorized request to path: /","level":"error"}
